[20250922_120455] index:0;amount:42;created
[20250922_120455] index:1;amount:54;created
[20250922_120455] index:2;amount:957;created
[20250922_120455] index:3;amount:432;created
[20250922_120455] index:4;amount:1234;created
[20250922_120455] index:5;amount:0;created
[20250922_120455] index:6;amount:754;created
[20250922_120455] index:7;amount:16576;created
[20250922_120455] accounts:8;total:20049;deposits:0;withdrawals:0
[20250922_120455] index:0;amount:42;deposits:0;withdrawals:0
[20250922_120455] index:1;amount:54;deposits:0;withdrawals:0
[20250922_120455] index:2;amount:957;deposits:0;withdrawals:0
[20250922_120455] index:3;amount:432;deposits:0;withdrawals:0
[20250922_120455] index:4;amount:1234;deposits:0;withdrawals:0
[20250922_120455] index:5;amount:0;deposits:0;withdrawals:0
[20250922_120455] index:6;amount:754;deposits:0;withdrawals:0
[20250922_120455] index:7;amount:16576;deposits:0;withdrawals:0
[20250922_120455] index:0;p_amount:42;deposit:5;amount:42;nb_deposits:1
[20250922_120455] index:1;p_amount:54;deposit:765;amount:54;nb_deposits:1
[20250922_120455] index:2;p_amount:957;deposit:564;amount:957;nb_deposits:1
[20250922_120455] index:3;p_amount:432;deposit:2;amount:432;nb_deposits:1
[20250922_120455] index:4;p_amount:1234;deposit:87;amount:1234;nb_deposits:1
[20250922_120455] index:5;p_amount:0;deposit:23;amount:0;nb_deposits:1
[20250922_120455] index:6;p_amount:754;deposit:9;amount:754;nb_deposits:1
[20250922_120455] index:7;p_amount:16576;deposit:20;amount:16576;nb_deposits:1
[20250922_120455] accounts:8;total:21524;deposits:8;withdrawals:0
[20250922_120455] index:0;amount:42;deposits:1;withdrawals:0
[20250922_120455] index:1;amount:54;deposits:1;withdrawals:0
[20250922_120455] index:2;amount:957;deposits:1;withdrawals:0
[20250922_120455] index:3;amount:432;deposits:1;withdrawals:0
[20250922_120455] index:4;amount:1234;deposits:1;withdrawals:0
[20250922_120455] index:5;amount:0;deposits:1;withdrawals:0
[20250922_120455] index:6;amount:754;deposits:1;withdrawals:0
[20250922_120455] index:7;amount:16576;deposits:1;withdrawals:0
[20250922_120455] index:0;p_amount:42;withdrawal:refused
[20250922_120455] index:1;p_amount:54;withdrawal:34;amount:20;nb_withdrawals:1
[20250922_120455] index:2;p_amount:957;withdrawal:657;amount:300;nb_withdrawals:1
[20250922_120455] index:3;p_amount:432;withdrawal:4;amount:428;nb_withdrawals:1
[20250922_120455] index:4;p_amount:1234;withdrawal:76;amount:1158;nb_withdrawals:1
[20250922_120455] index:5;p_amount:0;withdrawal:refused
[20250922_120455] index:6;p_amount:754;withdrawal:657;amount:97;nb_withdrawals:1
[20250922_120455] index:7;p_amount:16576;withdrawal:7654;amount:8922;nb_withdrawals:1
[20250922_120455] accounts:8;total:12442;deposits:8;withdrawals:6
[20250922_120455] index:0;amount:42;deposits:1;withdrawals:0
[20250922_120455] index:1;amount:20;deposits:1;withdrawals:1
[20250922_120455] index:2;amount:300;deposits:1;withdrawals:1
[20250922_120455] index:3;amount:428;deposits:1;withdrawals:1
[20250922_120455] index:4;amount:1158;deposits:1;withdrawals:1
[20250922_120455] index:5;amount:0;deposits:1;withdrawals:0
[20250922_120455] index:6;amount:97;deposits:1;withdrawals:1
[20250922_120455] index:7;amount:8922;deposits:1;withdrawals:1
[20250922_120455] index:7;amount:8922;closed
[20250922_120455] index:6;amount:97;closed
[20250922_120455] index:5;amount:0;closed
[20250922_120455] index:4;amount:1158;closed
[20250922_120455] index:3;amount:428;closed
[20250922_120455] index:2;amount:300;closed
[20250922_120455] index:1;amount:20;closed
[20250922_120455] index:0;amount:42;closed

